[debug] [2025-04-10T16:50:37.741Z] ----------------------------------------------------------------------
[debug] [2025-04-10T16:50:37.754Z] Command:       C:\Program Files\nodejs\node.exe C:\Program Files\nodejs\node_modules\firebase-tools\lib\bin\firebase.js init firestore
[debug] [2025-04-10T16:50:37.755Z] CLI Version:   13.29.1
[debug] [2025-04-10T16:50:37.755Z] Platform:      win32
[debug] [2025-04-10T16:50:37.755Z] Node Version:  v20.0.0
[debug] [2025-04-10T16:50:37.755Z] Time:          Thu Apr 10 2025 22:20:37 GMT+0530 (India Standard Time)
[debug] [2025-04-10T16:50:37.756Z] ----------------------------------------------------------------------
[debug] 
[debug] [2025-04-10T16:50:37.760Z] >>> [apiv2][query] GET https://firebase-public.firebaseio.com/cli.json [none]
[debug] [2025-04-10T16:50:37.859Z] > command requires scopes: ["email","openid","https://www.googleapis.com/auth/cloudplatformprojects.readonly","https://www.googleapis.com/auth/firebase","https://www.googleapis.com/auth/cloud-platform"]
[debug] [2025-04-10T16:50:37.860Z] > authorizing via signed-in user (shubham.gupta300904@gmail.com)
[info] 
     ######## #### ########  ######## ########     ###     ######  ########
     ##        ##  ##     ## ##       ##     ##  ##   ##  ##       ##
     ######    ##  ########  ######   ########  #########  ######  ######
     ##        ##  ##    ##  ##       ##     ## ##     ##       ## ##
     ##       #### ##     ## ######## ########  ##     ##  ######  ########

You're about to initialize a Firebase project in this directory:

  C:\Users\Shubham Gupta\Website\Auction

[debug] [2025-04-10T16:50:38.478Z] <<< [apiv2][status] GET https://firebase-public.firebaseio.com/cli.json 200
[debug] [2025-04-10T16:50:38.478Z] <<< [apiv2][body] GET https://firebase-public.firebaseio.com/cli.json {"cloudBuildErrorAfter":1594252800000,"cloudBuildWarnAfter":1590019200000,"defaultNode10After":1594252800000,"minVersion":"3.0.5","node8DeploysDisabledAfter":1613390400000,"node8RuntimeDisabledAfter":1615809600000,"node8WarnAfter":1600128000000}
[info] 
=== Project Setup
[info] 
[info] First, let's associate this project directory with a Firebase project.
[info] You can create multiple project aliases by running firebase use --add, 
[info] but for now we'll just set up a default project.
[info] 
[debug] [2025-04-10T16:50:46.868Z] Checked if tokens are valid: false, expires at: 1736944220030
[debug] [2025-04-10T16:50:46.868Z] Checked if tokens are valid: false, expires at: 1736944220030
[debug] [2025-04-10T16:50:46.868Z] > refreshing access token with scopes: []
[debug] [2025-04-10T16:50:46.870Z] >>> [apiv2][query] POST https://www.googleapis.com/oauth2/v3/token [none]
[debug] [2025-04-10T16:50:46.870Z] >>> [apiv2][body] POST https://www.googleapis.com/oauth2/v3/token [omitted]
[debug] [2025-04-10T16:50:47.065Z] <<< [apiv2][status] POST https://www.googleapis.com/oauth2/v3/token 200
[debug] [2025-04-10T16:50:47.066Z] <<< [apiv2][body] POST https://www.googleapis.com/oauth2/v3/token [omitted]
[debug] [2025-04-10T16:50:47.087Z] >>> [apiv2][query] GET https://firebase.googleapis.com/v1beta1/projects pageSize=100
[debug] [2025-04-10T16:50:47.992Z] <<< [apiv2][status] GET https://firebase.googleapis.com/v1beta1/projects 200
[debug] [2025-04-10T16:50:47.993Z] <<< [apiv2][body] GET https://firebase.googleapis.com/v1beta1/projects [omitted]
